<?xml version="1.0" encoding="UTF-8"?>
<testng-results ignored="0" total="1" passed="1" failed="0" skipped="0">
  <reporter-output>
  </reporter-output>
  <suite started-at="2025-01-09T12:02:02 IST" name="Default suite" finished-at="2025-01-09T12:02:05 IST" duration-ms="3205">
    <groups>
    </groups>
    <test started-at="2025-01-09T12:02:02 IST" name="Default test" finished-at="2025-01-09T12:02:05 IST" duration-ms="3205">
      <class name="Login.credentials">
        <test-method signature="creds()[pri:0, instance:Login.credentials@3270d194]" started-at="2025-01-09T12:02:02 IST" name="creds" finished-at="2025-01-09T12:02:05 IST" duration-ms="3167" status="PASS">
          <reporter-output>
          </reporter-output>
        </test-method> <!-- creds -->
      </class> <!-- Login.credentials -->
    </test> <!-- Default test -->
  </suite> <!-- Default suite -->
</testng-results>
